#
# A fatal error has been detected by the Java Runtime Environment:
#
#  EXCEPTION_ACCESS_VIOLATION (0xc0000005) at pc=0x7c90100b, pid=2076, tid=2408
#
# JRE version: 6.0_20-b02
# Java VM: Java HotSpot(TM) Client VM (16.3-b01 mixed mode, sharing windows-x86 )
# Problematic frame:
# C  [ntdll.dll+0x100b]
#
# If you would like to submit a bug report, please visit:
#   http://java.sun.com/webapps/bugreport/crash.jsp
# The crash happened outside the Java Virtual Machine in native code.
# See problematic frame for where to report the bug.
#

---------------  T H R E A D  ---------------

Current thread (0x02b97400):  JavaThread "RMI TCP Connection(2)-127.0.0.1" daemon [_thread_in_native, id=2408, stack(0x03520000,0x03570000)]

siginfo: ExceptionCode=0xc0000005, reading address 0x00000018

Registers:
EAX=0x00000004, EBX=0x3286c068, ECX=0x7ffa8000, EDX=0x00000004
ESP=0x0356efa8, EBP=0x0356efc0, ESI=0x00000000, EDI=0x035f1590
EIP=0x7c90100b, EFLAGS=0x00010246

Top of Stack: (sp=0x0356efa8)
0x0356efa8:   7435622a 00000004 035f15b4 7432139f
0x0356efb8:   035f15b4 035f1590 0356efd0 74322e6d
0x0356efc8:   035f15b4 02b97510 0356efe4 74325a1b
0x0356efd8:   035f1590 74350000 0356f270 0356f000
0x0356efe8:   74326e8e 035f1590 0356f020 00000003
0x0356eff8:   02bbf6f0 02b97510 0356f018 6d42124e
0x0356f008:   035f1590 0356f020 02b97400 3286c068
0x0356f018:   0356f05c 00919f47 00000000 0356f078 

Instructions: (pc=0x7c90100b)
0x7c900ffb:   00 00 00 00 00 64 8b 0d 18 00 00 00 8b 54 24 04
0x7c90100b:   83 7a 14 00 75 4f f0 ff 42 04 75 19 8b 41 24 89 


Stack: [0x03520000,0x03570000],  sp=0x0356efa8,  free space=13b0356eadck
Native frames: (J=compiled Java code, j=interpreted, Vv=VM code, C=native code)
C  [ntdll.dll+0x100b]
C  [ODBC32.dll+0x2e6d]
C  [ODBC32.dll+0x5a1b]
C  [ODBC32.dll+0x6e8e]
C  [JdbcOdbc.dll+0x124e]
j  sun.jdbc.odbc.JdbcOdbc.allocStmt(J[B)J+0
j  sun.jdbc.odbc.JdbcOdbc.SQLAllocStmt(J)J+47
j  sun.jdbc.odbc.JdbcOdbcConnection.prepareStatement(Ljava/lang/String;II)Ljava/sql/PreparedStatement;+55
j  sun.jdbc.odbc.JdbcOdbcConnection.prepareStatement(Ljava/lang/String;)Ljava/sql/PreparedStatement;+8
j  serverpcs.KoneksiDB.eksekusiQuery(Ljava/lang/String;)Ljava/sql/ResultSet;+6
j  serverpcs.ServiceBarang.deleteBarang(Ljava/lang/String;)Z+45
v  ~StubRoutines::call_stub
V  [jvm.dll+0xf049c]
V  [jvm.dll+0x17fcf1]
V  [jvm.dll+0xf051d]
V  [jvm.dll+0x199ceb]
V  [jvm.dll+0x19a706]
V  [jvm.dll+0x11bc03]
C  [java.dll+0x714d]
j  sun.reflect.NativeMethodAccessorImpl.invoke(Ljava/lang/Object;[Ljava/lang/Object;)Ljava/lang/Object;+87
j  sun.reflect.DelegatingMethodAccessorImpl.invoke(Ljava/lang/Object;[Ljava/lang/Object;)Ljava/lang/Object;+6
j  java.lang.reflect.Method.invoke(Ljava/lang/Object;[Ljava/lang/Object;)Ljava/lang/Object;+161
j  sun.rmi.server.UnicastServerRef.dispatch(Ljava/rmi/Remote;Ljava/rmi/server/RemoteCall;)V+242
j  sun.rmi.transport.Transport$1.run()Ljava/lang/Object;+23
v  ~StubRoutines::call_stub
V  [jvm.dll+0xf049c]
V  [jvm.dll+0x17fcf1]
V  [jvm.dll+0xf051d]
V  [jvm.dll+0x1204ff]
C  [java.dll+0x1061]
j  sun.rmi.transport.Transport.serviceCall(Ljava/rmi/server/RemoteCall;)Z+163
j  sun.rmi.transport.tcp.TCPTransport.handleMessages(Lsun/rmi/transport/Connection;Z)V+185
j  sun.rmi.transport.tcp.TCPTransport$ConnectionHandler.run0()V+685
j  sun.rmi.transport.tcp.TCPTransport$ConnectionHandler.run()V+50
j  java.util.concurrent.ThreadPoolExecutor$Worker.runTask(Ljava/lang/Runnable;)V+59
j  java.util.concurrent.ThreadPoolExecutor$Worker.run()V+28
j  java.lang.Thread.run()V+11
v  ~StubRoutines::call_stub
V  [jvm.dll+0xf049c]
V  [jvm.dll+0x17fcf1]
V  [jvm.dll+0xf0667]
V  [jvm.dll+0xf06dd]
V  [jvm.dll+0x11a2a0]
V  [jvm.dll+0x1ddb14]
V  [jvm.dll+0x17f96c]
C  [msvcr71.dll+0x9565]
C  [kernel32.dll+0xb729]

Java frames: (J=compiled Java code, j=interpreted, Vv=VM code)
j  sun.jdbc.odbc.JdbcOdbc.allocStmt(J[B)J+0
j  sun.jdbc.odbc.JdbcOdbc.SQLAllocStmt(J)J+47
j  sun.jdbc.odbc.JdbcOdbcConnection.prepareStatement(Ljava/lang/String;II)Ljava/sql/PreparedStatement;+55
j  sun.jdbc.odbc.JdbcOdbcConnection.prepareStatement(Ljava/lang/String;)Ljava/sql/PreparedStatement;+8
j  serverpcs.KoneksiDB.eksekusiQuery(Ljava/lang/String;)Ljava/sql/ResultSet;+6
j  serverpcs.ServiceBarang.deleteBarang(Ljava/lang/String;)Z+45
v  ~StubRoutines::call_stub
j  sun.reflect.NativeMethodAccessorImpl.invoke0(Ljava/lang/reflect/Method;Ljava/lang/Object;[Ljava/lang/Object;)Ljava/lang/Object;+0
j  sun.reflect.NativeMethodAccessorImpl.invoke(Ljava/lang/Object;[Ljava/lang/Object;)Ljava/lang/Object;+87
j  sun.reflect.DelegatingMethodAccessorImpl.invoke(Ljava/lang/Object;[Ljava/lang/Object;)Ljava/lang/Object;+6
j  java.lang.reflect.Method.invoke(Ljava/lang/Object;[Ljava/lang/Object;)Ljava/lang/Object;+161
j  sun.rmi.server.UnicastServerRef.dispatch(Ljava/rmi/Remote;Ljava/rmi/server/RemoteCall;)V+242
j  sun.rmi.transport.Transport$1.run()Ljava/lang/Object;+23
v  ~StubRoutines::call_stub
j  java.security.AccessController.doPrivileged(Ljava/security/PrivilegedExceptionAction;Ljava/security/AccessControlContext;)Ljava/lang/Object;+0
j  sun.rmi.transport.Transport.serviceCall(Ljava/rmi/server/RemoteCall;)Z+163
j  sun.rmi.transport.tcp.TCPTransport.handleMessages(Lsun/rmi/transport/Connection;Z)V+185
j  sun.rmi.transport.tcp.TCPTransport$ConnectionHandler.run0()V+685
j  sun.rmi.transport.tcp.TCPTransport$ConnectionHandler.run()V+50
j  java.util.concurrent.ThreadPoolExecutor$Worker.runTask(Ljava/lang/Runnable;)V+59
j  java.util.concurrent.ThreadPoolExecutor$Worker.run()V+28
j  java.lang.Thread.run()V+11
v  ~StubRoutines::call_stub

---------------  P R O C E S S  ---------------

Java Threads: ( => current thread )
  0x02be9c00 JavaThread "RMI RenewClean-[127.0.0.1:3414]" daemon [_thread_blocked, id=972, stack(0x03580000,0x035d0000)]
=>0x02b97400 JavaThread "RMI TCP Connection(2)-127.0.0.1" daemon [_thread_in_native, id=2408, stack(0x03520000,0x03570000)]
  0x02bcd000 JavaThread "RMI Scheduler(0)" daemon [_thread_blocked, id=4044, stack(0x034d0000,0x03520000)]
  0x02b01c00 JavaThread "RMI TCP Connection(1)-127.0.0.1" daemon [_thread_in_native, id=2096, stack(0x03280000,0x032d0000)]
  0x002b6800 JavaThread "DestroyJavaVM" [_thread_blocked, id=1112, stack(0x008c0000,0x00910000)]
  0x02bc2400 JavaThread "GC Daemon" daemon [_thread_blocked, id=3832, stack(0x03230000,0x03280000)]
  0x02bc3c00 JavaThread "RMI Reaper" [_thread_blocked, id=1364, stack(0x031e0000,0x03230000)]
  0x02bbf000 JavaThread "RMI TCP Accept-0" daemon [_thread_in_native, id=2800, stack(0x03190000,0x031e0000)]
  0x02bbd800 JavaThread "RMI TCP Accept-1100" daemon [_thread_in_native, id=4016, stack(0x03140000,0x03190000)]
  0x02b58000 JavaThread "Low Memory Detector" daemon [_thread_blocked, id=3476, stack(0x02dd0000,0x02e20000)]
  0x02b51800 JavaThread "CompilerThread0" daemon [_thread_blocked, id=2500, stack(0x02d80000,0x02dd0000)]
  0x02b50000 JavaThread "Attach Listener" daemon [_thread_blocked, id=920, stack(0x02d30000,0x02d80000)]
  0x02b4ec00 JavaThread "Signal Dispatcher" daemon [_thread_blocked, id=2148, stack(0x02ce0000,0x02d30000)]
  0x02b0fc00 JavaThread "Finalizer" daemon [_thread_blocked, id=2232, stack(0x02c90000,0x02ce0000)]
  0x02b0b400 JavaThread "Reference Handler" daemon [_thread_blocked, id=3700, stack(0x02c40000,0x02c90000)]

Other Threads:
  0x02b09c00 VMThread [stack: 0x02bf0000,0x02c40000] [id=2672]
  0x02b5a800 WatcherThread [stack: 0x02e20000,0x02e70000] [id=2564]

VM state:not at safepoint (normal execution)

VM Mutex/Monitor currently owned by a thread: None

Heap
 def new generation   total 4992K, used 1524K [0x22990000, 0x22ef0000, 0x27e30000)
  eden space 4480K,  34% used [0x22990000, 0x22b0d120, 0x22df0000)
  from space 512K,   0% used [0x22df0000, 0x22df0000, 0x22e70000)
  to   space 512K,   0% used [0x22e70000, 0x22e70000, 0x22ef0000)
 tenured generation   total 10880K, used 191K [0x27e30000, 0x288d0000, 0x32790000)
   the space 10880K,   1% used [0x27e30000, 0x27e5fc40, 0x27e5fe00, 0x288d0000)
 compacting perm gen  total 12288K, used 1246K [0x32790000, 0x33390000, 0x36790000)
   the space 12288K,  10% used [0x32790000, 0x328c7b98, 0x328c7c00, 0x33390000)
    ro space 10240K,  54% used [0x36790000, 0x36d0b760, 0x36d0b800, 0x37190000)
    rw space 12288K,  55% used [0x37190000, 0x3782f798, 0x3782f800, 0x37d90000)

Dynamic libraries:
0x00400000 - 0x00424000 	C:\Program Files\Java\jdk1.6.0_20\bin\java.exe
0x7c900000 - 0x7c9b2000 	C:\WINDOWS\system32\ntdll.dll
0x7c800000 - 0x7c8f6000 	C:\WINDOWS\system32\kernel32.dll
0x77dd0000 - 0x77e6b000 	C:\WINDOWS\system32\ADVAPI32.dll
0x77e70000 - 0x77f03000 	C:\WINDOWS\system32\RPCRT4.dll
0x77fe0000 - 0x77ff1000 	C:\WINDOWS\system32\Secur32.dll
0x7c340000 - 0x7c396000 	C:\Program Files\Java\jdk1.6.0_20\jre\bin\msvcr71.dll
0x6d8b0000 - 0x6db47000 	C:\Program Files\Java\jdk1.6.0_20\jre\bin\client\jvm.dll
0x7e410000 - 0x7e4a1000 	C:\WINDOWS\system32\USER32.dll
0x77f10000 - 0x77f59000 	C:\WINDOWS\system32\GDI32.dll
0x76b40000 - 0x76b6d000 	C:\WINDOWS\system32\WINMM.dll
0x76390000 - 0x763ad000 	C:\WINDOWS\system32\IMM32.DLL
0x6d860000 - 0x6d86c000 	C:\Program Files\Java\jdk1.6.0_20\jre\bin\verify.dll
0x6d3e0000 - 0x6d3ff000 	C:\Program Files\Java\jdk1.6.0_20\jre\bin\java.dll
0x6d340000 - 0x6d348000 	C:\Program Files\Java\jdk1.6.0_20\jre\bin\hpi.dll
0x76bf0000 - 0x76bfb000 	C:\WINDOWS\system32\PSAPI.DLL
0x6d8a0000 - 0x6d8af000 	C:\Program Files\Java\jdk1.6.0_20\jre\bin\zip.dll
0x68000000 - 0x68036000 	C:\WINDOWS\system32\rsaenh.dll
0x77c10000 - 0x77c68000 	C:\WINDOWS\system32\msvcrt.dll
0x769c0000 - 0x76a74000 	C:\WINDOWS\system32\USERENV.dll
0x5b860000 - 0x5b8b5000 	C:\WINDOWS\system32\netapi32.dll
0x6d6c0000 - 0x6d6d3000 	C:\Program Files\Java\jdk1.6.0_20\jre\bin\net.dll
0x71ab0000 - 0x71ac7000 	C:\WINDOWS\system32\WS2_32.dll
0x71aa0000 - 0x71aa8000 	C:\WINDOWS\system32\WS2HELP.dll
0x71a50000 - 0x71a8f000 	C:\WINDOWS\System32\mswsock.dll
0x76f20000 - 0x76f47000 	C:\WINDOWS\system32\DNSAPI.dll
0x76d60000 - 0x76d79000 	C:\WINDOWS\system32\iphlpapi.dll
0x76fb0000 - 0x76fb8000 	C:\WINDOWS\System32\winrnr.dll
0x76f60000 - 0x76f8c000 	C:\WINDOWS\system32\WLDAP32.dll
0x76fc0000 - 0x76fc6000 	C:\WINDOWS\system32\rasadhlp.dll
0x10000000 - 0x10076000 	C:\WINDOWS\system32\bmnet.dll
0x77f60000 - 0x77fd6000 	C:\WINDOWS\system32\SHLWAPI.dll
0x662b0000 - 0x66308000 	C:\WINDOWS\system32\hnetcfg.dll
0x71a90000 - 0x71a98000 	C:\WINDOWS\System32\wshtcpip.dll
0x6d7b0000 - 0x6d7b6000 	C:\Program Files\Java\jdk1.6.0_20\jre\bin\rmi.dll
0x6d420000 - 0x6d42d000 	C:\Program Files\Java\jdk1.6.0_20\jre\bin\JdbcOdbc.dll
0x74320000 - 0x7435d000 	C:\WINDOWS\system32\ODBC32.dll
0x773d0000 - 0x774d3000 	C:\WINDOWS\WinSxS\x86_Microsoft.Windows.Common-Controls_6595b64144ccf1df_6.0.2600.6028_x-ww_61e65202\COMCTL32.dll
0x763b0000 - 0x763f9000 	C:\WINDOWS\system32\comdlg32.dll
0x7c9c0000 - 0x7d1d7000 	C:\WINDOWS\system32\SHELL32.dll
0x03730000 - 0x03747000 	C:\WINDOWS\system32\odbcint.dll
0x774e0000 - 0x7761e000 	C:\WINDOWS\system32\ole32.dll
0x77c00000 - 0x77c08000 	C:\WINDOWS\system32\VERSION.dll
0x5fe80000 - 0x5fe9b000 	C:\WINDOWS\system32\odbccp32.dll
0x77c70000 - 0x77c95000 	C:\WINDOWS\system32\msv1_0.dll
0x76790000 - 0x7679c000 	C:\WINDOWS\system32\cryptdll.dll

VM Arguments:
jvm_args: -Dfile.encoding=UTF-8 
java_command: serverpcs.MainServer
Launcher Type: SUN_STANDARD

Environment Variables:
PATH=C:\WINDOWS\system32;C:\WINDOWS;C:\WINDOWS\System32\Wbem;c:\Program Files\Microsoft SQL Server\90\Tools\binn\;C:\Program Files\Microsoft SQL Server\80\Tools\BINN;C:\Program Files\Java\jdk1.6.0_16\bin;;C:\WINDOWS\system32\WindowsPowerShell\v1.0;C:\BC5\BIN;
USERNAME=LENOVO
OS=Windows_NT
PROCESSOR_IDENTIFIER=x86 Family 6 Model 28 Stepping 2, GenuineIntel



---------------  S Y S T E M  ---------------

OS: Windows XP Build 2600 Service Pack 3

CPU:total 2 (1 cores per cpu, 2 threads per core) family 6 model 28 stepping 2, cmov, cx8, fxsr, mmx, sse, sse2, sse3, ssse3, ht

Memory: 4k page, physical 1038212k(216704k free), swap 2495028k(1489664k free)

vm_info: Java HotSpot(TM) Client VM (16.3-b01) for windows-x86 JRE (1.6.0_20-b02), built on Apr 12 2010 13:52:23 by "java_re" with MS VC++ 7.1 (VS2003)

time: Tue May 15 22:06:59 2012
elapsed time: 32 seconds

